<?xml version="1.0" encoding="UTF-8"?>
<coverage generated="1604156817300" clover="3.2.0">
  <project timestamp="1604156817300" name="All files">
    <metrics statements="469" coveredstatements="437" conditionals="310" coveredconditionals="259" methods="77" coveredmethods="75" elements="856" coveredelements="771" complexity="0" loc="469" ncloc="469" packages="1" files="9" classes="9"/>
    <file name="Icon.tsx" path="/Users/zengxiaobai/projects/nuonuo/react-viewers/src/Icon.tsx">
      <metrics statements="16" coveredstatements="16" conditionals="2" coveredconditionals="2" methods="2" coveredmethods="2"/>
      <line num="1" count="1" type="stmt"/>
      <line num="3" count="1" type="cond" truecount="2" falsecount="0"/>
      <line num="4" count="1" type="stmt"/>
      <line num="5" count="1" type="stmt"/>
      <line num="6" count="1" type="stmt"/>
      <line num="7" count="1" type="stmt"/>
      <line num="8" count="1" type="stmt"/>
      <line num="9" count="1" type="stmt"/>
      <line num="10" count="1" type="stmt"/>
      <line num="11" count="1" type="stmt"/>
      <line num="12" count="1" type="stmt"/>
      <line num="13" count="1" type="stmt"/>
      <line num="14" count="1" type="stmt"/>
      <line num="21" count="1" type="stmt"/>
      <line num="22" count="1610" type="stmt"/>
      <line num="24" count="1610" type="stmt"/>
    </file>
    <file name="Loading.tsx" path="/Users/zengxiaobai/projects/nuonuo/react-viewers/src/Loading.tsx">
      <metrics statements="4" coveredstatements="4" conditionals="0" coveredconditionals="0" methods="1" coveredmethods="1"/>
      <line num="1" count="1" type="stmt"/>
      <line num="7" count="1" type="stmt"/>
      <line num="8" count="1" type="stmt"/>
      <line num="9" count="1" type="stmt"/>
    </file>
    <file name="Viewer.tsx" path="/Users/zengxiaobai/projects/nuonuo/react-viewers/src/Viewer.tsx">
      <metrics statements="19" coveredstatements="19" conditionals="10" coveredconditionals="9" methods="4" coveredmethods="4"/>
      <line num="1" count="1" type="stmt"/>
      <line num="2" count="1" type="stmt"/>
      <line num="3" count="1" type="stmt"/>
      <line num="6" count="1" type="stmt"/>
      <line num="7" count="141" type="cond" truecount="1" falsecount="1"/>
      <line num="8" count="141" type="stmt"/>
      <line num="9" count="141" type="stmt"/>
      <line num="11" count="141" type="stmt"/>
      <line num="12" count="34" type="stmt"/>
      <line num="15" count="141" type="stmt"/>
      <line num="16" count="105" type="cond" truecount="4" falsecount="0"/>
      <line num="17" count="34" type="stmt"/>
      <line num="21" count="141" type="stmt"/>
      <line num="22" count="35" type="cond" truecount="2" falsecount="0"/>
      <line num="23" count="1" type="stmt"/>
      <line num="25" count="34" type="stmt"/>
      <line num="29" count="141" type="cond" truecount="2" falsecount="0"/>
      <line num="30" count="102" type="stmt"/>
      <line num="32" count="39" type="stmt"/>
    </file>
    <file name="ViewerCanvas.tsx" path="/Users/zengxiaobai/projects/nuonuo/react-viewers/src/ViewerCanvas.tsx">
      <metrics statements="60" coveredstatements="58" conditionals="26" coveredconditionals="24" methods="15" coveredmethods="14"/>
      <line num="1" count="1" type="stmt"/>
      <line num="2" count="1" type="stmt"/>
      <line num="3" count="1" type="stmt"/>
      <line num="31" count="1" type="stmt"/>
      <line num="32" count="169" type="stmt"/>
      <line num="33" count="169" type="stmt"/>
      <line num="37" count="169" type="stmt"/>
      <line num="42" count="169" type="stmt"/>
      <line num="43" count="34" type="stmt"/>
      <line num="44" count="33" type="stmt"/>
      <line num="45" count="33" type="stmt"/>
      <line num="49" count="169" type="stmt"/>
      <line num="50" count="169" type="stmt"/>
      <line num="52" count="169" type="stmt"/>
      <line num="53" count="168" type="stmt"/>
      <line num="57" count="169" type="stmt"/>
      <line num="58" count="37" type="cond" truecount="4" falsecount="0"/>
      <line num="59" count="34" type="stmt"/>
      <line num="61" count="37" type="cond" truecount="4" falsecount="0"/>
      <line num="62" count="2" type="stmt"/>
      <line num="64" count="37" type="stmt"/>
      <line num="65" count="36" type="stmt"/>
      <line num="69" count="169" type="stmt"/>
      <line num="70" count="35" type="stmt"/>
      <line num="71" count="35" type="stmt"/>
      <line num="72" count="35" type="stmt"/>
      <line num="76" count="35" type="stmt"/>
      <line num="80" count="0" type="stmt"/>
      <line num="84" count="3" type="stmt"/>
      <line num="85" count="3" type="stmt"/>
      <line num="89" count="3" type="cond" truecount="1" falsecount="1"/>
      <line num="90" count="0" type="stmt"/>
      <line num="92" count="3" type="cond" truecount="4" falsecount="0"/>
      <line num="93" count="1" type="stmt"/>
      <line num="95" count="2" type="stmt"/>
      <line num="96" count="2" type="stmt"/>
      <line num="97" count="2" type="stmt"/>
      <line num="98" count="2" type="stmt"/>
      <line num="104" count="169" type="stmt"/>
      <line num="105" count="1" type="cond" truecount="1" falsecount="1"/>
      <line num="106" count="1" type="stmt"/>
      <line num="114" count="31" type="stmt"/>
      <line num="118" count="370" type="stmt"/>
      <line num="119" count="370" type="cond" truecount="2" falsecount="0"/>
      <line num="120" count="201" type="stmt"/>
      <line num="122" count="370" type="stmt"/>
      <line num="126" count="103" type="stmt"/>
      <line num="127" count="103" type="cond" truecount="2" falsecount="0"/>
      <line num="128" count="69" type="stmt"/>
      <line num="131" count="103" type="stmt"/>
      <line num="132" count="103" type="stmt"/>
      <line num="135" count="169" type="stmt"/>
      <line num="143" count="169" type="stmt"/>
      <line num="148" count="169" type="stmt"/>
      <line num="152" count="169" type="stmt"/>
      <line num="153" count="169" type="cond" truecount="2" falsecount="0"/>
      <line num="154" count="76" type="stmt"/>
      <line num="161" count="169" type="cond" truecount="2" falsecount="0"/>
      <line num="162" count="1" type="stmt"/>
      <line num="176" count="169" type="stmt"/>
    </file>
    <file name="ViewerCore.tsx" path="/Users/zengxiaobai/projects/nuonuo/react-viewers/src/ViewerCore.tsx">
      <metrics statements="311" coveredstatements="281" conditionals="234" coveredconditionals="189" methods="39" coveredmethods="38"/>
      <line num="1" count="1" type="stmt"/>
      <line num="2" count="1" type="stmt"/>
      <line num="3" count="1" type="stmt"/>
      <line num="4" count="1" type="stmt"/>
      <line num="5" count="1" type="stmt"/>
      <line num="7" count="1" type="stmt"/>
      <line num="8" count="1" type="stmt"/>
      <line num="9" count="1" type="stmt"/>
      <line num="15" count="1" type="stmt"/>
      <line num="23" count="256" type="stmt"/>
      <line num="48" count="1" type="stmt"/>
      <line num="50" count="336" type="cond" truecount="1" falsecount="1"/>
      <line num="51" count="336" type="cond" truecount="1" falsecount="1"/>
      <line num="52" count="336" type="cond" truecount="1" falsecount="1"/>
      <line num="53" count="336" type="cond" truecount="1" falsecount="1"/>
      <line num="54" count="336" type="cond" truecount="1" falsecount="1"/>
      <line num="55" count="336" type="cond" truecount="1" falsecount="1"/>
      <line num="56" count="336" type="cond" truecount="2" falsecount="0"/>
      <line num="57" count="336" type="cond" truecount="2" falsecount="0"/>
      <line num="58" count="336" type="cond" truecount="2" falsecount="0"/>
      <line num="59" count="336" type="cond" truecount="2" falsecount="0"/>
      <line num="60" count="336" type="cond" truecount="2" falsecount="0"/>
      <line num="61" count="336" type="cond" truecount="2" falsecount="0"/>
      <line num="62" count="336" type="cond" truecount="2" falsecount="0"/>
      <line num="63" count="495" type="cond" truecount="2" falsecount="0"/>
      <line num="64" count="336" type="cond" truecount="1" falsecount="1"/>
      <line num="65" count="336" type="cond" truecount="1" falsecount="1"/>
      <line num="66" count="336" type="cond" truecount="2" falsecount="0"/>
      <line num="67" count="336" type="cond" truecount="2" falsecount="0"/>
      <line num="68" count="336" type="cond" truecount="2" falsecount="0"/>
      <line num="69" count="336" type="cond" truecount="2" falsecount="0"/>
      <line num="70" count="336" type="cond" truecount="2" falsecount="0"/>
      <line num="71" count="336" type="cond" truecount="2" falsecount="0"/>
      <line num="72" count="336" type="cond" truecount="2" falsecount="0"/>
      <line num="73" count="336" type="cond" truecount="2" falsecount="0"/>
      <line num="74" count="336" type="cond" truecount="1" falsecount="1"/>
      <line num="75" count="336" type="cond" truecount="2" falsecount="0"/>
      <line num="78" count="168" type="stmt"/>
      <line num="97" count="202" type="stmt"/>
      <line num="98" count="202" type="stmt"/>
      <line num="99" count="202" type="cond" truecount="2" falsecount="0"/>
      <line num="100" count="4" type="stmt"/>
      <line num="101" count="4" type="stmt"/>
      <line num="103" count="202" type="stmt"/>
      <line num="108" count="168" type="stmt"/>
      <line num="109" count="168" type="stmt"/>
      <line num="111" count="305" type="stmt"/>
      <line num="113" count="40" type="stmt"/>
      <line num="118" count="61" type="stmt"/>
      <line num="124" count="202" type="stmt"/>
      <line num="129" count="2" type="stmt"/>
      <line num="144" count="0" type="stmt"/>
      <line num="146" count="0" type="stmt"/>
      <line num="149" count="168" type="stmt"/>
      <line num="150" count="168" type="stmt"/>
      <line num="151" count="168" type="stmt"/>
      <line num="152" count="168" type="stmt"/>
      <line num="154" count="168" type="stmt"/>
      <line num="155" count="34" type="stmt"/>
      <line num="157" count="34" type="stmt"/>
      <line num="158" count="33" type="stmt"/>
      <line num="162" count="168" type="stmt"/>
      <line num="163" count="34" type="stmt"/>
      <line num="166" count="168" type="stmt"/>
      <line num="167" count="37" type="cond" truecount="2" falsecount="0"/>
      <line num="168" count="35" type="cond" truecount="1" falsecount="1"/>
      <line num="169" count="35" type="stmt"/>
      <line num="176" count="168" type="stmt"/>
      <line num="177" count="168" type="stmt"/>
      <line num="179" count="168" type="stmt"/>
      <line num="180" count="167" type="stmt"/>
      <line num="184" count="168" type="stmt"/>
      <line num="185" count="71" type="cond" truecount="2" falsecount="0"/>
      <line num="186" count="69" type="cond" truecount="2" falsecount="0"/>
      <line num="187" count="67" type="stmt"/>
      <line num="188" count="67" type="cond" truecount="1" falsecount="1"/>
      <line num="189" count="0" type="stmt"/>
      <line num="193" count="2" type="stmt"/>
      <line num="196" count="71" type="stmt"/>
      <line num="197" count="70" type="stmt"/>
      <line num="198" count="70" type="stmt"/>
      <line num="202" count="168" type="stmt"/>
      <line num="203" count="39" type="cond" truecount="2" falsecount="0"/>
      <line num="204" count="37" type="stmt"/>
      <line num="210" count="106" type="cond" truecount="2" falsecount="0"/>
      <line num="211" count="54" type="stmt"/>
      <line num="215" count="54" type="stmt"/>
      <line num="216" count="54" type="cond" truecount="1" falsecount="1"/>
      <line num="217" count="54" type="stmt"/>
      <line num="219" count="54" type="stmt"/>
      <line num="220" count="54" type="stmt"/>
      <line num="221" count="54" type="stmt"/>
      <line num="222" count="53" type="cond" truecount="1" falsecount="1"/>
      <line num="223" count="0" type="stmt"/>
      <line num="225" count="53" type="cond" truecount="1" falsecount="1"/>
      <line num="226" count="53" type="stmt"/>
      <line num="229" count="54" type="stmt"/>
      <line num="230" count="1" type="cond" truecount="1" falsecount="1"/>
      <line num="231" count="0" type="stmt"/>
      <line num="233" count="1" type="cond" truecount="1" falsecount="1"/>
      <line num="234" count="1" type="stmt"/>
      <line num="239" count="1" type="cond" truecount="1" falsecount="1"/>
      <line num="240" count="1" type="cond" truecount="1" falsecount="1"/>
      <line num="241" count="1" type="stmt"/>
      <line num="243" count="0" type="stmt"/>
      <line num="250" count="54" type="stmt"/>
      <line num="251" count="54" type="cond" truecount="1" falsecount="1"/>
      <line num="252" count="0" type="stmt"/>
      <line num="253" count="0" type="stmt"/>
      <line num="256" count="54" type="cond" truecount="1" falsecount="1"/>
      <line num="257" count="0" type="stmt"/>
      <line num="259" count="54" type="stmt"/>
      <line num="260" count="54" type="stmt"/>
      <line num="261" count="54" type="cond" truecount="2" falsecount="0"/>
      <line num="262" count="3" type="stmt"/>
      <line num="263" count="3" type="stmt"/>
      <line num="265" count="54" type="cond" truecount="2" falsecount="0"/>
      <line num="266" count="2" type="stmt"/>
      <line num="267" count="2" type="stmt"/>
      <line num="269" count="54" type="stmt"/>
      <line num="270" count="54" type="stmt"/>
      <line num="271" count="54" type="stmt"/>
      <line num="272" count="54" type="stmt"/>
      <line num="273" count="54" type="stmt"/>
      <line num="274" count="54" type="cond" truecount="4" falsecount="0"/>
      <line num="275" count="2" type="stmt"/>
      <line num="276" count="2" type="stmt"/>
      <line num="278" count="54" type="stmt"/>
      <line num="295" count="168" type="stmt"/>
      <line num="296" count="134" type="cond" truecount="2" falsecount="0"/>
      <line num="297" count="51" type="stmt"/>
      <line num="298" count="51" type="stmt"/>
      <line num="303" count="54" type="stmt"/>
      <line num="304" count="54" type="stmt"/>
      <line num="305" count="54" type="stmt"/>
      <line num="306" count="54" type="stmt"/>
      <line num="307" count="54" type="stmt"/>
      <line num="308" count="54" type="stmt"/>
      <line num="309" count="54" type="cond" truecount="2" falsecount="0"/>
      <line num="310" count="2" type="stmt"/>
      <line num="311" count="2" type="stmt"/>
      <line num="313" count="54" type="cond" truecount="2" falsecount="0"/>
      <line num="314" count="1" type="stmt"/>
      <line num="315" count="1" type="stmt"/>
      <line num="317" count="54" type="stmt"/>
      <line num="321" count="18" type="cond" truecount="5" falsecount="0"/>
      <line num="322" count="2" type="stmt"/>
      <line num="324" count="16" type="cond" truecount="2" falsecount="0"/>
      <line num="325" count="2" type="stmt"/>
      <line num="327" count="16" type="cond" truecount="2" falsecount="0"/>
      <line num="328" count="2" type="stmt"/>
      <line num="330" count="16" type="cond" truecount="1" falsecount="1"/>
      <line num="331" count="0" type="stmt"/>
      <line num="333" count="16" type="cond" truecount="2" falsecount="0"/>
      <line num="334" count="1" type="stmt"/>
      <line num="335" count="1" type="stmt"/>
      <line num="337" count="16" type="stmt"/>
      <line num="342" count="155" type="cond" truecount="2" falsecount="0"/>
      <line num="343" count="78" type="stmt"/>
      <line num="349" count="78" type="stmt"/>
      <line num="350" count="78" type="cond" truecount="2" falsecount="0"/>
      <line num="351" count="1" type="stmt"/>
      <line num="353" count="77" type="stmt"/>
      <line num="355" count="78" type="cond" truecount="3" falsecount="1"/>
      <line num="356" count="78" type="stmt"/>
      <line num="359" count="78" type="stmt"/>
      <line num="363" count="1" type="stmt"/>
      <line num="364" count="1" type="cond" truecount="1" falsecount="1"/>
      <line num="365" count="0" type="cond" truecount="0" falsecount="2"/>
      <line num="366" count="0" type="stmt"/>
      <line num="368" count="0" type="stmt"/>
      <line num="374" count="1" type="stmt"/>
      <line num="380" count="1" type="stmt"/>
      <line num="385" count="7" type="cond" truecount="2" falsecount="0"/>
      <line num="386" count="5" type="stmt"/>
      <line num="392" count="39" type="stmt"/>
      <line num="394" count="6" type="stmt"/>
      <line num="395" count="6" type="stmt"/>
      <line num="397" count="11" type="stmt"/>
      <line num="398" count="11" type="stmt"/>
      <line num="400" count="6" type="stmt"/>
      <line num="401" count="6" type="stmt"/>
      <line num="402" count="6" type="stmt"/>
      <line num="404" count="5" type="stmt"/>
      <line num="405" count="5" type="stmt"/>
      <line num="406" count="5" type="stmt"/>
      <line num="408" count="2" type="stmt"/>
      <line num="409" count="2" type="stmt"/>
      <line num="411" count="3" type="stmt"/>
      <line num="412" count="3" type="stmt"/>
      <line num="414" count="2" type="stmt"/>
      <line num="415" count="2" type="stmt"/>
      <line num="417" count="1" type="stmt"/>
      <line num="418" count="1" type="stmt"/>
      <line num="420" count="1" type="stmt"/>
      <line num="421" count="1" type="stmt"/>
      <line num="423" count="1" type="stmt"/>
      <line num="424" count="1" type="stmt"/>
      <line num="426" count="1" type="stmt"/>
      <line num="431" count="27" type="stmt"/>
      <line num="433" count="27" type="cond" truecount="2" falsecount="0"/>
      <line num="434" count="1" type="stmt"/>
      <line num="435" count="1" type="stmt"/>
      <line num="440" count="35" type="stmt"/>
      <line num="449" count="0" type="stmt"/>
      <line num="450" count="0" type="cond" truecount="0" falsecount="2"/>
      <line num="451" count="0" type="stmt"/>
      <line num="452" count="0" type="stmt"/>
      <line num="453" count="0" type="stmt"/>
      <line num="461" count="3" type="stmt"/>
      <line num="464" count="503" type="cond" truecount="2" falsecount="0"/>
      <line num="465" count="335" type="stmt"/>
      <line num="466" count="335" type="cond" truecount="2" falsecount="0"/>
      <line num="467" count="167" type="stmt"/>
      <line num="469" count="335" type="cond" truecount="1" falsecount="1"/>
      <line num="470" count="335" type="stmt"/>
      <line num="472" count="335" type="cond" truecount="1" falsecount="1"/>
      <line num="473" count="335" type="stmt"/>
      <line num="482" count="14" type="cond" truecount="1" falsecount="2"/>
      <line num="483" count="14" type="stmt"/>
      <line num="484" count="14" type="stmt"/>
      <line num="487" count="1" type="stmt"/>
      <line num="488" count="1" type="stmt"/>
      <line num="489" count="1" type="stmt"/>
      <line num="492" count="4" type="cond" truecount="2" falsecount="0"/>
      <line num="493" count="1" type="stmt"/>
      <line num="495" count="3" type="stmt"/>
      <line num="497" count="4" type="stmt"/>
      <line num="498" count="4" type="stmt"/>
      <line num="501" count="6" type="cond" truecount="2" falsecount="0"/>
      <line num="502" count="2" type="stmt"/>
      <line num="504" count="4" type="stmt"/>
      <line num="506" count="6" type="stmt"/>
      <line num="507" count="6" type="stmt"/>
      <line num="510" count="1" type="stmt"/>
      <line num="511" count="1" type="stmt"/>
      <line num="512" count="1" type="stmt"/>
      <line num="515" count="1" type="stmt"/>
      <line num="516" count="1" type="stmt"/>
      <line num="517" count="1" type="stmt"/>
      <line num="520" count="1" type="cond" truecount="1" falsecount="1"/>
      <line num="521" count="1" type="stmt"/>
      <line num="522" count="1" type="stmt"/>
      <line num="524" count="1" type="stmt"/>
      <line num="526" count="0" type="stmt"/>
      <line num="528" count="14" type="cond" truecount="1" falsecount="1"/>
      <line num="529" count="14" type="stmt"/>
      <line num="530" count="14" type="stmt"/>
      <line num="535" count="3" type="cond" truecount="2" falsecount="0"/>
      <line num="536" count="1" type="stmt"/>
      <line num="538" count="2" type="cond" truecount="1" falsecount="1"/>
      <line num="539" count="0" type="stmt"/>
      <line num="541" count="2" type="stmt"/>
      <line num="542" count="2" type="stmt"/>
      <line num="543" count="2" type="stmt"/>
      <line num="544" count="2" type="cond" truecount="1" falsecount="1"/>
      <line num="545" count="0" type="stmt"/>
      <line num="547" count="2" type="cond" truecount="2" falsecount="0"/>
      <line num="549" count="2" type="cond" truecount="1" falsecount="1"/>
      <line num="550" count="2" type="stmt"/>
      <line num="551" count="2" type="stmt"/>
      <line num="552" count="2" type="cond" truecount="1" falsecount="1"/>
      <line num="553" count="0" type="stmt"/>
      <line num="554" count="0" type="stmt"/>
      <line num="555" count="0" type="stmt"/>
      <line num="557" count="2" type="stmt"/>
      <line num="562" count="24" type="stmt"/>
      <line num="569" count="13" type="stmt"/>
      <line num="570" count="13" type="stmt"/>
      <line num="571" count="13" type="stmt"/>
      <line num="572" count="13" type="stmt"/>
      <line num="573" count="13" type="stmt"/>
      <line num="574" count="13" type="stmt"/>
      <line num="575" count="13" type="stmt"/>
      <line num="576" count="13" type="stmt"/>
      <line num="577" count="13" type="stmt"/>
      <line num="578" count="13" type="cond" truecount="1" falsecount="1"/>
      <line num="579" count="0" type="stmt"/>
      <line num="583" count="0" type="stmt"/>
      <line num="584" count="0" type="stmt"/>
      <line num="585" count="0" type="stmt"/>
      <line num="586" count="0" type="stmt"/>
      <line num="587" count="0" type="stmt"/>
      <line num="589" count="13" type="cond" truecount="1" falsecount="1"/>
      <line num="590" count="13" type="cond" truecount="1" falsecount="1"/>
      <line num="591" count="13" type="stmt"/>
      <line num="592" count="13" type="stmt"/>
      <line num="593" count="13" type="cond" truecount="2" falsecount="0"/>
      <line num="594" count="5" type="cond" truecount="2" falsecount="0"/>
      <line num="595" count="1" type="stmt"/>
      <line num="597" count="5" type="cond" truecount="2" falsecount="0"/>
      <line num="598" count="1" type="stmt"/>
      <line num="601" count="13" type="cond" truecount="2" falsecount="0"/>
      <line num="602" count="1" type="stmt"/>
      <line num="604" count="13" type="cond" truecount="2" falsecount="0"/>
      <line num="605" count="1" type="stmt"/>
      <line num="607" count="13" type="stmt"/>
      <line num="608" count="13" type="stmt"/>
      <line num="609" count="13" type="stmt"/>
      <line num="610" count="13" type="stmt"/>
      <line num="612" count="13" type="stmt"/>
      <line num="623" count="168" type="stmt"/>
      <line num="625" count="168" type="stmt"/>
      <line num="630" count="168" type="stmt"/>
      <line num="635" count="168" type="stmt"/>
      <line num="640" count="168" type="cond" truecount="7" falsecount="0"/>
      <line num="641" count="75" type="stmt"/>
      <line num="644" count="168" type="stmt"/>
      <line num="649" count="2" type="cond" truecount="1" falsecount="1"/>
      <line num="650" count="2" type="stmt"/>
      <line num="662" count="1" type="stmt"/>
    </file>
    <file name="ViewerNav.tsx" path="/Users/zengxiaobai/projects/nuonuo/react-viewers/src/ViewerNav.tsx">
      <metrics statements="27" coveredstatements="27" conditionals="16" coveredconditionals="13" methods="9" coveredmethods="9"/>
      <line num="1" count="2" type="stmt"/>
      <line num="12" count="2" type="stmt"/>
      <line num="13" count="414" type="cond" truecount="2" falsecount="2"/>
      <line num="14" count="207" type="stmt"/>
      <line num="15" count="207" type="stmt"/>
      <line num="16" count="207" type="stmt"/>
      <line num="18" count="207" type="stmt"/>
      <line num="19" count="170" type="cond" truecount="1" falsecount="1"/>
      <line num="20" count="170" type="stmt"/>
      <line num="21" count="170" type="stmt"/>
      <line num="22" count="170" type="cond" truecount="2" falsecount="0"/>
      <line num="23" count="168" type="stmt"/>
      <line num="25" count="2" type="stmt"/>
      <line num="30" count="2" type="cond" truecount="2" falsecount="0"/>
      <line num="31" count="1" type="stmt"/>
      <line num="33" count="1" type="stmt"/>
      <line num="37" count="2" type="stmt"/>
      <line num="38" count="2" type="stmt"/>
      <line num="42" count="2" type="stmt"/>
      <line num="43" count="2" type="stmt"/>
      <line num="46" count="207" type="stmt"/>
      <line num="50" count="207" type="stmt"/>
      <line num="54" count="207" type="stmt"/>
      <line num="57" count="2" type="cond" truecount="2" falsecount="0"/>
      <line num="62" count="407" type="stmt"/>
      <line num="66" count="2" type="stmt"/>
      <line num="75" count="2" type="cond" truecount="2" falsecount="0"/>
    </file>
    <file name="ViewerToolbar.tsx" path="/Users/zengxiaobai/projects/nuonuo/react-viewers/src/ViewerToolbar.tsx">
      <metrics statements="28" coveredstatements="28" conditionals="22" coveredconditionals="22" methods="7" coveredmethods="7"/>
      <line num="1" count="1" type="stmt"/>
      <line num="2" count="1" type="stmt"/>
      <line num="24" count="1" type="stmt"/>
      <line num="68" count="1603" type="stmt"/>
      <line num="70" count="166" type="stmt"/>
      <line num="73" count="1" type="stmt"/>
      <line num="75" count="27" type="stmt"/>
      <line num="79" count="1445" type="stmt"/>
      <line num="81" count="1445" type="cond" truecount="2" falsecount="0"/>
      <line num="82" count="1442" type="stmt"/>
      <line num="85" count="1445" type="cond" truecount="2" falsecount="0"/>
      <line num="86" count="3" type="stmt"/>
      <line num="88" count="1445" type="stmt"/>
      <line num="92" count="27" type="stmt"/>
      <line num="99" count="162" type="stmt"/>
      <line num="109" count="162" type="stmt"/>
      <line num="110" count="162" type="cond" truecount="2" falsecount="0"/>
      <line num="111" count="3" type="stmt"/>
      <line num="113" count="162" type="cond" truecount="2" falsecount="0"/>
      <line num="114" count="3" type="stmt"/>
      <line num="116" count="162" type="cond" truecount="2" falsecount="0"/>
      <line num="117" count="3" type="stmt"/>
      <line num="119" count="162" type="cond" truecount="2" falsecount="0"/>
      <line num="120" count="3" type="stmt"/>
      <line num="122" count="162" type="cond" truecount="2" falsecount="0"/>
      <line num="123" count="154" type="stmt"/>
      <line num="125" count="162" type="stmt"/>
      <line num="130" count="1445" type="stmt"/>
    </file>
    <file name="constants.ts" path="/Users/zengxiaobai/projects/nuonuo/react-viewers/src/constants.ts">
      <metrics statements="2" coveredstatements="2" conditionals="0" coveredconditionals="0" methods="0" coveredmethods="0"/>
      <line num="1" count="1" type="stmt"/>
      <line num="4" count="1" type="stmt"/>
    </file>
    <file name="index.tsx" path="/Users/zengxiaobai/projects/nuonuo/react-viewers/src/index.tsx">
      <metrics statements="2" coveredstatements="2" conditionals="0" coveredconditionals="0" methods="0" coveredmethods="0"/>
      <line num="1" count="1" type="stmt"/>
      <line num="3" count="1" type="stmt"/>
    </file>
  </project>
</coverage>
