<?xml version="1.0" encoding="UTF-8"?>
<coverage generated="1604632474497" clover="3.2.0">
  <project timestamp="1604632474497" name="All files">
    <metrics statements="424" coveredstatements="393" conditionals="282" coveredconditionals="238" methods="77" coveredmethods="72" elements="783" coveredelements="703" complexity="0" loc="424" ncloc="424" packages="1" files="9" classes="9"/>
    <file name="Icon.tsx" path="/Users/zengxiaobai/projects/nuonuo/components/images-viewer-react/src/Icon.tsx">
      <metrics statements="16" coveredstatements="16" conditionals="2" coveredconditionals="2" methods="2" coveredmethods="2"/>
      <line num="1" count="1" type="stmt"/>
      <line num="3" count="1" type="cond" truecount="2" falsecount="0"/>
      <line num="4" count="1" type="stmt"/>
      <line num="5" count="1" type="stmt"/>
      <line num="6" count="1" type="stmt"/>
      <line num="7" count="1" type="stmt"/>
      <line num="8" count="1" type="stmt"/>
      <line num="9" count="1" type="stmt"/>
      <line num="10" count="1" type="stmt"/>
      <line num="11" count="1" type="stmt"/>
      <line num="12" count="1" type="stmt"/>
      <line num="13" count="1" type="stmt"/>
      <line num="14" count="1" type="stmt"/>
      <line num="21" count="1" type="stmt"/>
      <line num="22" count="1380" type="stmt"/>
      <line num="24" count="1380" type="stmt"/>
    </file>
    <file name="Loading.tsx" path="/Users/zengxiaobai/projects/nuonuo/components/images-viewer-react/src/Loading.tsx">
      <metrics statements="4" coveredstatements="2" conditionals="0" coveredconditionals="0" methods="1" coveredmethods="0"/>
      <line num="1" count="1" type="stmt"/>
      <line num="7" count="1" type="stmt"/>
      <line num="8" count="0" type="stmt"/>
      <line num="9" count="0" type="stmt"/>
    </file>
    <file name="Viewer.tsx" path="/Users/zengxiaobai/projects/nuonuo/components/images-viewer-react/src/Viewer.tsx">
      <metrics statements="19" coveredstatements="19" conditionals="10" coveredconditionals="9" methods="4" coveredmethods="4"/>
      <line num="1" count="1" type="stmt"/>
      <line num="2" count="1" type="stmt"/>
      <line num="3" count="1" type="stmt"/>
      <line num="6" count="1" type="stmt"/>
      <line num="7" count="140" type="cond" truecount="1" falsecount="1"/>
      <line num="8" count="140" type="stmt"/>
      <line num="9" count="140" type="stmt"/>
      <line num="11" count="140" type="stmt"/>
      <line num="12" count="34" type="stmt"/>
      <line num="15" count="140" type="stmt"/>
      <line num="16" count="103" type="cond" truecount="4" falsecount="0"/>
      <line num="17" count="34" type="stmt"/>
      <line num="21" count="140" type="stmt"/>
      <line num="22" count="35" type="cond" truecount="2" falsecount="0"/>
      <line num="23" count="1" type="stmt"/>
      <line num="25" count="34" type="stmt"/>
      <line num="29" count="140" type="cond" truecount="2" falsecount="0"/>
      <line num="30" count="102" type="stmt"/>
      <line num="32" count="38" type="stmt"/>
    </file>
    <file name="ViewerCanvas.tsx" path="/Users/zengxiaobai/projects/nuonuo/components/images-viewer-react/src/ViewerCanvas.tsx">
      <metrics statements="66" coveredstatements="61" conditionals="28" coveredconditionals="24" methods="17" coveredmethods="14"/>
      <line num="1" count="1" type="stmt"/>
      <line num="2" count="1" type="stmt"/>
      <line num="3" count="1" type="stmt"/>
      <line num="4" count="1" type="stmt"/>
      <line num="5" count="1" type="stmt"/>
      <line num="33" count="1" type="stmt"/>
      <line num="34" count="146" type="stmt"/>
      <line num="35" count="146" type="stmt"/>
      <line num="39" count="146" type="stmt"/>
      <line num="44" count="146" type="stmt"/>
      <line num="45" count="34" type="stmt"/>
      <line num="46" count="33" type="stmt"/>
      <line num="47" count="33" type="stmt"/>
      <line num="51" count="146" type="stmt"/>
      <line num="52" count="146" type="stmt"/>
      <line num="54" count="146" type="stmt"/>
      <line num="55" count="145" type="stmt"/>
      <line num="59" count="146" type="stmt"/>
      <line num="60" count="35" type="cond" truecount="4" falsecount="0"/>
      <line num="61" count="33" type="stmt"/>
      <line num="63" count="35" type="cond" truecount="4" falsecount="0"/>
      <line num="64" count="1" type="stmt"/>
      <line num="66" count="35" type="stmt"/>
      <line num="67" count="34" type="stmt"/>
      <line num="71" count="146" type="stmt"/>
      <line num="72" count="35" type="stmt"/>
      <line num="73" count="35" type="stmt"/>
      <line num="74" count="35" type="stmt"/>
      <line num="78" count="35" type="stmt"/>
      <line num="82" count="0" type="stmt"/>
      <line num="86" count="3" type="stmt"/>
      <line num="87" count="3" type="stmt"/>
      <line num="91" count="3" type="cond" truecount="1" falsecount="1"/>
      <line num="92" count="0" type="stmt"/>
      <line num="94" count="3" type="cond" truecount="4" falsecount="0"/>
      <line num="95" count="1" type="stmt"/>
      <line num="97" count="2" type="stmt"/>
      <line num="98" count="2" type="stmt"/>
      <line num="99" count="2" type="stmt"/>
      <line num="100" count="2" type="stmt"/>
      <line num="106" count="146" type="stmt"/>
      <line num="107" count="1" type="cond" truecount="1" falsecount="1"/>
      <line num="108" count="1" type="stmt"/>
      <line num="116" count="30" type="stmt"/>
      <line num="120" count="324" type="stmt"/>
      <line num="121" count="324" type="cond" truecount="2" falsecount="0"/>
      <line num="122" count="178" type="stmt"/>
      <line num="124" count="324" type="stmt"/>
      <line num="128" count="100" type="stmt"/>
      <line num="129" count="100" type="cond" truecount="2" falsecount="0"/>
      <line num="130" count="67" type="stmt"/>
      <line num="133" count="100" type="stmt"/>
      <line num="134" count="100" type="stmt"/>
      <line num="137" count="146" type="stmt"/>
      <line num="145" count="146" type="stmt"/>
      <line num="150" count="146" type="stmt"/>
      <line num="154" count="146" type="stmt"/>
      <line num="155" count="146" type="stmt"/>
      <line num="157" count="146" type="stmt"/>
      <line num="158" count="0" type="stmt"/>
      <line num="160" count="146" type="cond" truecount="2" falsecount="0"/>
      <line num="161" count="64" type="cond" truecount="1" falsecount="1"/>
      <line num="169" count="0" type="stmt"/>
      <line num="179" count="146" type="cond" truecount="1" falsecount="1"/>
      <line num="180" count="0" type="stmt"/>
      <line num="194" count="146" type="stmt"/>
    </file>
    <file name="ViewerCore.tsx" path="/Users/zengxiaobai/projects/nuonuo/components/images-viewer-react/src/ViewerCore.tsx">
      <metrics statements="259" coveredstatements="235" conditionals="202" coveredconditionals="167" methods="37" coveredmethods="36"/>
      <line num="1" count="1" type="stmt"/>
      <line num="2" count="1" type="stmt"/>
      <line num="3" count="1" type="stmt"/>
      <line num="4" count="1" type="stmt"/>
      <line num="5" count="1" type="stmt"/>
      <line num="7" count="1" type="stmt"/>
      <line num="8" count="1" type="stmt"/>
      <line num="9" count="1" type="stmt"/>
      <line num="15" count="1" type="stmt"/>
      <line num="23" count="224" type="stmt"/>
      <line num="48" count="1" type="stmt"/>
      <line num="50" count="145" type="cond" truecount="1" falsecount="1"/>
      <line num="51" count="145" type="cond" truecount="1" falsecount="1"/>
      <line num="52" count="145" type="cond" truecount="1" falsecount="1"/>
      <line num="53" count="145" type="cond" truecount="1" falsecount="1"/>
      <line num="54" count="145" type="cond" truecount="1" falsecount="1"/>
      <line num="55" count="145" type="cond" truecount="1" falsecount="1"/>
      <line num="56" count="145" type="cond" truecount="2" falsecount="0"/>
      <line num="57" count="145" type="cond" truecount="2" falsecount="0"/>
      <line num="58" count="145" type="cond" truecount="2" falsecount="0"/>
      <line num="59" count="145" type="cond" truecount="2" falsecount="0"/>
      <line num="60" count="145" type="cond" truecount="2" falsecount="0"/>
      <line num="61" count="145" type="cond" truecount="2" falsecount="0"/>
      <line num="62" count="145" type="cond" truecount="2" falsecount="0"/>
      <line num="63" count="145" type="cond" truecount="2" falsecount="0"/>
      <line num="64" count="145" type="cond" truecount="1" falsecount="1"/>
      <line num="65" count="145" type="cond" truecount="1" falsecount="1"/>
      <line num="66" count="145" type="cond" truecount="2" falsecount="0"/>
      <line num="67" count="145" type="cond" truecount="2" falsecount="0"/>
      <line num="68" count="145" type="cond" truecount="2" falsecount="0"/>
      <line num="69" count="145" type="cond" truecount="2" falsecount="0"/>
      <line num="71" count="145" type="cond" truecount="2" falsecount="0"/>
      <line num="72" count="145" type="cond" truecount="2" falsecount="0"/>
      <line num="73" count="145" type="cond" truecount="2" falsecount="0"/>
      <line num="74" count="145" type="cond" truecount="1" falsecount="1"/>
      <line num="75" count="145" type="cond" truecount="2" falsecount="0"/>
      <line num="76" count="3625" type="stmt"/>
      <line num="78" count="145" type="stmt"/>
      <line num="97" count="179" type="stmt"/>
      <line num="98" count="179" type="stmt"/>
      <line num="99" count="179" type="cond" truecount="2" falsecount="0"/>
      <line num="100" count="4" type="stmt"/>
      <line num="101" count="4" type="stmt"/>
      <line num="103" count="179" type="stmt"/>
      <line num="108" count="145" type="stmt"/>
      <line num="109" count="145" type="stmt"/>
      <line num="111" count="271" type="stmt"/>
      <line num="113" count="36" type="stmt"/>
      <line num="118" count="52" type="stmt"/>
      <line num="124" count="182" type="stmt"/>
      <line num="129" count="1" type="stmt"/>
      <line num="144" count="0" type="stmt"/>
      <line num="146" count="0" type="stmt"/>
      <line num="149" count="145" type="stmt"/>
      <line num="150" count="145" type="stmt"/>
      <line num="151" count="145" type="stmt"/>
      <line num="152" count="145" type="stmt"/>
      <line num="154" count="145" type="stmt"/>
      <line num="155" count="34" type="stmt"/>
      <line num="157" count="34" type="stmt"/>
      <line num="158" count="33" type="stmt"/>
      <line num="162" count="145" type="stmt"/>
      <line num="163" count="34" type="stmt"/>
      <line num="166" count="145" type="stmt"/>
      <line num="167" count="35" type="cond" truecount="2" falsecount="0"/>
      <line num="168" count="34" type="cond" truecount="1" falsecount="1"/>
      <line num="169" count="34" type="stmt"/>
      <line num="176" count="145" type="stmt"/>
      <line num="177" count="145" type="stmt"/>
      <line num="179" count="145" type="stmt"/>
      <line num="180" count="144" type="stmt"/>
      <line num="184" count="145" type="stmt"/>
      <line num="185" count="69" type="cond" truecount="2" falsecount="0"/>
      <line num="186" count="68" type="cond" truecount="2" falsecount="0"/>
      <line num="187" count="66" type="stmt"/>
      <line num="188" count="66" type="cond" truecount="1" falsecount="1"/>
      <line num="189" count="0" type="stmt"/>
      <line num="193" count="1" type="stmt"/>
      <line num="196" count="69" type="stmt"/>
      <line num="197" count="68" type="stmt"/>
      <line num="198" count="68" type="stmt"/>
      <line num="202" count="145" type="stmt"/>
      <line num="203" count="37" type="cond" truecount="2" falsecount="0"/>
      <line num="204" count="36" type="stmt"/>
      <line num="210" count="92" type="cond" truecount="2" falsecount="0"/>
      <line num="211" count="47" type="stmt"/>
      <line num="215" count="47" type="stmt"/>
      <line num="216" count="47" type="cond" truecount="1" falsecount="1"/>
      <line num="217" count="47" type="stmt"/>
      <line num="219" count="47" type="stmt"/>
      <line num="220" count="47" type="stmt"/>
      <line num="221" count="47" type="stmt"/>
      <line num="222" count="46" type="cond" truecount="1" falsecount="1"/>
      <line num="223" count="0" type="stmt"/>
      <line num="225" count="46" type="cond" truecount="1" falsecount="1"/>
      <line num="226" count="46" type="stmt"/>
      <line num="229" count="47" type="stmt"/>
      <line num="230" count="1" type="cond" truecount="1" falsecount="1"/>
      <line num="231" count="0" type="stmt"/>
      <line num="233" count="1" type="cond" truecount="1" falsecount="1"/>
      <line num="234" count="1" type="stmt"/>
      <line num="239" count="1" type="cond" truecount="1" falsecount="1"/>
      <line num="240" count="1" type="cond" truecount="1" falsecount="1"/>
      <line num="241" count="1" type="stmt"/>
      <line num="243" count="0" type="stmt"/>
      <line num="250" count="47" type="stmt"/>
      <line num="251" count="47" type="cond" truecount="1" falsecount="1"/>
      <line num="252" count="0" type="stmt"/>
      <line num="253" count="0" type="stmt"/>
      <line num="256" count="47" type="cond" truecount="1" falsecount="1"/>
      <line num="257" count="0" type="stmt"/>
      <line num="259" count="47" type="stmt"/>
      <line num="260" count="47" type="stmt"/>
      <line num="261" count="47" type="cond" truecount="2" falsecount="0"/>
      <line num="262" count="3" type="stmt"/>
      <line num="263" count="3" type="stmt"/>
      <line num="265" count="47" type="cond" truecount="2" falsecount="0"/>
      <line num="266" count="2" type="stmt"/>
      <line num="267" count="2" type="stmt"/>
      <line num="269" count="47" type="stmt"/>
      <line num="270" count="47" type="stmt"/>
      <line num="271" count="47" type="stmt"/>
      <line num="272" count="47" type="stmt"/>
      <line num="273" count="47" type="stmt"/>
      <line num="274" count="47" type="cond" truecount="4" falsecount="0"/>
      <line num="275" count="2" type="stmt"/>
      <line num="276" count="2" type="stmt"/>
      <line num="278" count="47" type="stmt"/>
      <line num="295" count="145" type="stmt"/>
      <line num="296" count="123" type="cond" truecount="2" falsecount="0"/>
      <line num="297" count="45" type="stmt"/>
      <line num="298" count="45" type="stmt"/>
      <line num="303" count="47" type="stmt"/>
      <line num="304" count="47" type="stmt"/>
      <line num="305" count="47" type="stmt"/>
      <line num="306" count="47" type="stmt"/>
      <line num="307" count="47" type="stmt"/>
      <line num="308" count="47" type="stmt"/>
      <line num="309" count="47" type="cond" truecount="2" falsecount="0"/>
      <line num="310" count="2" type="stmt"/>
      <line num="311" count="2" type="stmt"/>
      <line num="313" count="47" type="cond" truecount="2" falsecount="0"/>
      <line num="314" count="1" type="stmt"/>
      <line num="315" count="1" type="stmt"/>
      <line num="317" count="47" type="stmt"/>
      <line num="321" count="11" type="cond" truecount="5" falsecount="0"/>
      <line num="322" count="2" type="stmt"/>
      <line num="324" count="9" type="cond" truecount="2" falsecount="0"/>
      <line num="325" count="1" type="stmt"/>
      <line num="327" count="9" type="cond" truecount="2" falsecount="0"/>
      <line num="328" count="1" type="stmt"/>
      <line num="330" count="9" type="cond" truecount="1" falsecount="1"/>
      <line num="331" count="0" type="stmt"/>
      <line num="333" count="9" type="cond" truecount="2" falsecount="0"/>
      <line num="334" count="1" type="stmt"/>
      <line num="335" count="1" type="stmt"/>
      <line num="337" count="9" type="stmt"/>
      <line num="342" count="131" type="cond" truecount="2" falsecount="0"/>
      <line num="343" count="66" type="stmt"/>
      <line num="349" count="66" type="stmt"/>
      <line num="350" count="66" type="cond" truecount="2" falsecount="0"/>
      <line num="351" count="1" type="stmt"/>
      <line num="353" count="65" type="stmt"/>
      <line num="355" count="66" type="cond" truecount="3" falsecount="1"/>
      <line num="356" count="66" type="stmt"/>
      <line num="359" count="66" type="stmt"/>
      <line num="363" count="1" type="stmt"/>
      <line num="364" count="1" type="cond" truecount="1" falsecount="1"/>
      <line num="365" count="0" type="cond" truecount="0" falsecount="2"/>
      <line num="366" count="0" type="stmt"/>
      <line num="368" count="0" type="stmt"/>
      <line num="374" count="1" type="stmt"/>
      <line num="380" count="1" type="stmt"/>
      <line num="385" count="3" type="cond" truecount="2" falsecount="0"/>
      <line num="386" count="2" type="stmt"/>
      <line num="392" count="27" type="stmt"/>
      <line num="394" count="3" type="stmt"/>
      <line num="395" count="3" type="stmt"/>
      <line num="397" count="7" type="stmt"/>
      <line num="398" count="7" type="stmt"/>
      <line num="400" count="5" type="stmt"/>
      <line num="401" count="5" type="stmt"/>
      <line num="402" count="5" type="stmt"/>
      <line num="404" count="4" type="stmt"/>
      <line num="405" count="4" type="stmt"/>
      <line num="406" count="4" type="stmt"/>
      <line num="408" count="1" type="stmt"/>
      <line num="409" count="1" type="stmt"/>
      <line num="411" count="1" type="stmt"/>
      <line num="412" count="1" type="stmt"/>
      <line num="414" count="2" type="stmt"/>
      <line num="415" count="2" type="stmt"/>
      <line num="417" count="1" type="stmt"/>
      <line num="418" count="1" type="stmt"/>
      <line num="420" count="1" type="stmt"/>
      <line num="421" count="1" type="stmt"/>
      <line num="423" count="1" type="stmt"/>
      <line num="424" count="1" type="stmt"/>
      <line num="426" count="1" type="stmt"/>
      <line num="431" count="27" type="stmt"/>
      <line num="433" count="27" type="cond" truecount="2" falsecount="0"/>
      <line num="434" count="1" type="stmt"/>
      <line num="435" count="1" type="stmt"/>
      <line num="440" count="35" type="stmt"/>
      <line num="449" count="0" type="stmt"/>
      <line num="450" count="0" type="cond" truecount="0" falsecount="2"/>
      <line num="451" count="0" type="stmt"/>
      <line num="452" count="0" type="stmt"/>
      <line num="453" count="0" type="stmt"/>
      <line num="461" count="3" type="stmt"/>
      <line num="464" count="434" type="cond" truecount="2" falsecount="0"/>
      <line num="466" count="289" type="cond" truecount="2" falsecount="0"/>
      <line num="470" count="289" type="cond" truecount="1" falsecount="1"/>
      <line num="474" count="289" type="cond" truecount="1" falsecount="1"/>
      <line num="565" count="18" type="stmt"/>
      <line num="572" count="9" type="stmt"/>
      <line num="573" count="9" type="stmt"/>
      <line num="574" count="9" type="stmt"/>
      <line num="575" count="9" type="stmt"/>
      <line num="576" count="9" type="stmt"/>
      <line num="577" count="9" type="stmt"/>
      <line num="578" count="9" type="stmt"/>
      <line num="579" count="9" type="stmt"/>
      <line num="580" count="9" type="stmt"/>
      <line num="581" count="9" type="cond" truecount="1" falsecount="1"/>
      <line num="582" count="0" type="stmt"/>
      <line num="586" count="0" type="stmt"/>
      <line num="587" count="0" type="stmt"/>
      <line num="588" count="0" type="stmt"/>
      <line num="589" count="0" type="stmt"/>
      <line num="590" count="0" type="stmt"/>
      <line num="592" count="9" type="cond" truecount="1" falsecount="1"/>
      <line num="593" count="9" type="cond" truecount="1" falsecount="1"/>
      <line num="594" count="9" type="stmt"/>
      <line num="595" count="9" type="stmt"/>
      <line num="596" count="9" type="cond" truecount="2" falsecount="0"/>
      <line num="597" count="5" type="cond" truecount="2" falsecount="0"/>
      <line num="598" count="1" type="stmt"/>
      <line num="600" count="5" type="cond" truecount="2" falsecount="0"/>
      <line num="601" count="1" type="stmt"/>
      <line num="604" count="9" type="cond" truecount="2" falsecount="0"/>
      <line num="605" count="1" type="stmt"/>
      <line num="607" count="9" type="cond" truecount="2" falsecount="0"/>
      <line num="608" count="1" type="stmt"/>
      <line num="610" count="9" type="stmt"/>
      <line num="611" count="9" type="stmt"/>
      <line num="612" count="9" type="stmt"/>
      <line num="613" count="9" type="stmt"/>
      <line num="615" count="9" type="stmt"/>
      <line num="626" count="145" type="stmt"/>
      <line num="628" count="145" type="stmt"/>
      <line num="633" count="145" type="stmt"/>
      <line num="638" count="145" type="stmt"/>
      <line num="643" count="145" type="cond" truecount="7" falsecount="0"/>
      <line num="644" count="63" type="stmt"/>
      <line num="647" count="145" type="stmt"/>
      <line num="652" count="2" type="cond" truecount="2" falsecount="0"/>
      <line num="653" count="1" type="stmt"/>
      <line num="665" count="1" type="stmt"/>
    </file>
    <file name="ViewerNav.tsx" path="/Users/zengxiaobai/projects/nuonuo/components/images-viewer-react/src/ViewerNav.tsx">
      <metrics statements="28" coveredstatements="28" conditionals="18" coveredconditionals="14" methods="9" coveredmethods="9"/>
      <line num="1" count="2" type="stmt"/>
      <line num="3" count="2" type="stmt"/>
      <line num="13" count="2" type="stmt"/>
      <line num="14" count="368" type="cond" truecount="2" falsecount="2"/>
      <line num="15" count="184" type="stmt"/>
      <line num="16" count="184" type="stmt"/>
      <line num="17" count="184" type="stmt"/>
      <line num="19" count="184" type="stmt"/>
      <line num="20" count="147" type="cond" truecount="1" falsecount="1"/>
      <line num="21" count="147" type="stmt"/>
      <line num="22" count="147" type="stmt"/>
      <line num="23" count="147" type="cond" truecount="2" falsecount="0"/>
      <line num="24" count="145" type="stmt"/>
      <line num="26" count="2" type="stmt"/>
      <line num="31" count="2" type="cond" truecount="2" falsecount="0"/>
      <line num="32" count="1" type="stmt"/>
      <line num="34" count="1" type="stmt"/>
      <line num="38" count="2" type="stmt"/>
      <line num="39" count="2" type="stmt"/>
      <line num="43" count="2" type="stmt"/>
      <line num="44" count="2" type="stmt"/>
      <line num="47" count="184" type="stmt"/>
      <line num="51" count="184" type="stmt"/>
      <line num="55" count="184" type="stmt"/>
      <line num="58" count="2" type="cond" truecount="2" falsecount="0"/>
      <line num="63" count="361" type="stmt"/>
      <line num="67" count="2" type="stmt"/>
      <line num="76" count="2" type="cond" truecount="2" falsecount="0"/>
    </file>
    <file name="ViewerToolbar.tsx" path="/Users/zengxiaobai/projects/nuonuo/components/images-viewer-react/src/ViewerToolbar.tsx">
      <metrics statements="28" coveredstatements="28" conditionals="22" coveredconditionals="22" methods="7" coveredmethods="7"/>
      <line num="1" count="1" type="stmt"/>
      <line num="2" count="1" type="stmt"/>
      <line num="24" count="1" type="stmt"/>
      <line num="68" count="1373" type="stmt"/>
      <line num="70" count="143" type="stmt"/>
      <line num="73" count="1" type="stmt"/>
      <line num="75" count="27" type="stmt"/>
      <line num="79" count="1238" type="stmt"/>
      <line num="81" count="1238" type="cond" truecount="2" falsecount="0"/>
      <line num="82" count="1235" type="stmt"/>
      <line num="85" count="1238" type="cond" truecount="2" falsecount="0"/>
      <line num="86" count="3" type="stmt"/>
      <line num="88" count="1238" type="stmt"/>
      <line num="92" count="27" type="stmt"/>
      <line num="99" count="139" type="stmt"/>
      <line num="109" count="139" type="stmt"/>
      <line num="110" count="139" type="cond" truecount="2" falsecount="0"/>
      <line num="111" count="3" type="stmt"/>
      <line num="113" count="139" type="cond" truecount="2" falsecount="0"/>
      <line num="114" count="3" type="stmt"/>
      <line num="116" count="139" type="cond" truecount="2" falsecount="0"/>
      <line num="117" count="3" type="stmt"/>
      <line num="119" count="139" type="cond" truecount="2" falsecount="0"/>
      <line num="120" count="3" type="stmt"/>
      <line num="122" count="139" type="cond" truecount="2" falsecount="0"/>
      <line num="123" count="131" type="stmt"/>
      <line num="125" count="139" type="stmt"/>
      <line num="130" count="1238" type="stmt"/>
    </file>
    <file name="constants.ts" path="/Users/zengxiaobai/projects/nuonuo/components/images-viewer-react/src/constants.ts">
      <metrics statements="2" coveredstatements="2" conditionals="0" coveredconditionals="0" methods="0" coveredmethods="0"/>
      <line num="1" count="1" type="stmt"/>
      <line num="4" count="1" type="stmt"/>
    </file>
    <file name="index.tsx" path="/Users/zengxiaobai/projects/nuonuo/components/images-viewer-react/src/index.tsx">
      <metrics statements="2" coveredstatements="2" conditionals="0" coveredconditionals="0" methods="0" coveredmethods="0"/>
      <line num="1" count="1" type="stmt"/>
      <line num="3" count="1" type="stmt"/>
    </file>
  </project>
</coverage>
